[0mGET / [33m404[0m 4.301 ms - 139[0m
[0mGET /users [33m404[0m 4.953 ms - 144[0m
[0mGET /login [33m404[0m 0.695 ms - 144[0m
[0mGET /register [33m404[0m 0.473 ms - 147[0m
[0mGET /employee [33m404[0m 0.345 ms - 147[0m
[0mGET /employees [33m404[0m 0.616 ms - 148[0m
[0mGET /api/employees [32m200[0m 6.611 ms - 26[0m
[0mGET /employees [33m404[0m 0.403 ms - 148[0m
[0mGET /api [33m404[0m 9.388 ms - 142[0m
[0mGET /api/employees [32m200[0m 1.933 ms - 26[0m
[0mGET /favicon.ico [33m404[0m 0.493 ms - 150[0m
[0mGET /api/users [33m403[0m 0.502 ms - 32[0m
[0mGET /api/login [33m404[0m 0.568 ms - 148[0m
[0mGET /api/registeer [33m404[0m 0.536 ms - 152[0m
[0mGET /api/register [33m404[0m 0.539 ms - 151[0m
[0mGET /api/employees [36m304[0m 1.692 ms - -[0m
[0mGET /api/employees [32m200[0m 1.455 ms - 26[0m
[0mGET /api/employees [32m200[0m 2.340 ms - 26[0m
[0mGET /api/employees [32m200[0m 3.520 ms - 26[0m
[0mGET /api/employees [32m200[0m 1.353 ms - 26[0m
[0mGET /api/employees [32m200[0m 1.481 ms - 26[0m
[0mGET /api/employees [32m200[0m 1.640 ms - 26[0m
[0mGET /api/employees [32m200[0m 2.552 ms - 26[0m
[0mGET /api/employees [32m200[0m 1.360 ms - 26[0m
[0mGET /api/employees [32m200[0m 1.676 ms - 26[0m
[0mGET /api/employees [36m304[0m 2.427 ms - -[0m
[0mGET /api/employees [36m304[0m 1.580 ms - -[0m
[0mGET /api/employees [36m304[0m 1.486 ms - -[0m
[0mGET /api/employees [36m304[0m 1.558 ms - -[0m
[0mGET /api/employees [36m304[0m 1.495 ms - -[0m
[0mGET /api/employees [36m304[0m 1.903 ms - -[0m
[0mGET /api/employees [36m304[0m 1.497 ms - -[0m
[0mGET /api/employees [36m304[0m 1.350 ms - -[0m
[0mGET /api/employees [36m304[0m 2.116 ms - -[0m
[0mGET /api/employees [36m304[0m 1.620 ms - -[0m
[0mGET /api/employees [32m200[0m 1.491 ms - 26[0m
[0mGET /api/employees [32m200[0m 1.750 ms - 26[0m
[0mGET /api/employees [32m200[0m 2.037 ms - 26[0m
[0mPOST /api/employees [31m500[0m 4.257 ms - 57[0m
[0mPOST /api/employees [31m500[0m 0.675 ms - 57[0m
[0mGET /api/employees [32m200[0m 2.441 ms - 26[0m
[0mGET /api/employees [32m200[0m 1.696 ms - 26[0m
[0mGET /api/employees [32m200[0m 1.554 ms - 26[0m
[0mPOST /api/employees [31m500[0m 0.713 ms - 57[0m
[0mPATCH /api/employees [33m404[0m 0.479 ms - 154[0m
[0mPUT /api/employees [33m404[0m 0.478 ms - 152[0m
[0mGET /api/employees [32m200[0m 1.732 ms - 26[0m
[0mGET /api/employees [32m200[0m 1.802 ms - 26[0m
[0mGET /api/employees [32m200[0m 1.888 ms - 26[0m
[0mGET /api/employees [32m200[0m 2.234 ms - 26[0m
[0mGET /api/employees [32m200[0m 1.392 ms - 26[0m
[0mGET /api/employees [32m200[0m 1.280 ms - 26[0m
[0mGET /api/employees [32m200[0m 1.476 ms - 26[0m
[0mGET /api/employees [32m200[0m 1.422 ms - 26[0m
[0mGET /api/employees [32m200[0m 1.306 ms - 26[0m
[0mGET /api/employees [32m200[0m 1.905 ms - 26[0m
[0mGET /api/employees [32m200[0m 1.512 ms - 26[0m
[0mGET /api/employees [32m200[0m 1.421 ms - 26[0m
[0mGET /api/employees [32m200[0m 1.450 ms - 26[0m
[0mGET /api/employees [32m200[0m 1.280 ms - 26[0m
[0mPOST /api/employees [31m500[0m 0.772 ms - 57[0m
[0mPOST /api/employees [31m500[0m 13.216 ms - 57[0m
[0mPOST /api/employees [32m201[0m 6.907 ms - 125[0m
[0mPOST /api/employees [32m201[0m 3.545 ms - 124[0m
[0mGET /api/employees [32m200[0m 2.486 ms - 228[0m
[0mGET /api/employees [32m200[0m 1.642 ms - 228[0m
[0mPOST /api/employees [32m201[0m 2.474 ms - 124[0m
[0mPUT /api/employees/3 [32m200[0m 7.136 ms - 124[0m
[0mGET /api/employees [32m200[0m 1.678 ms - 329[0m
[0mGET /api/employees [32m200[0m 1.651 ms - 329[0m
[0mPOST /api/employees [32m201[0m 2.259 ms - 124[0m
[0mDELETE /api/employees/5 [32m200[0m 2.022 ms - 25[0m
[0mDELETE /api/employees/5 [32m200[0m 1.432 ms - 25[0m
[0mDELETE /api/employees/5 [32m200[0m 1.802 ms - 25[0m
[0mDELETE /api/employees/5 [32m200[0m 2.296 ms - 25[0m
[0mDELETE /api/employees/5 [32m200[0m 1.732 ms - 25[0m
[0mDELETE /api/employees/5 [32m200[0m 1.808 ms - 25[0m
[0mDELETE /api/employees/5 [32m200[0m 1.969 ms - 25[0m
[0mDELETE /api/employees/5 [32m200[0m 2.605 ms - 25[0m
[0mDELETE /api/employees/5 [32m200[0m 2.087 ms - 25[0m
[0mDELETE /api/employees/5 [32m200[0m 1.700 ms - 25[0m
[0mDELETE /api/employees/5 [32m200[0m 3.210 ms - 25[0m
[0mDELETE /api/employees/5 [32m200[0m 1.854 ms - 25[0m
[0mDELETE /api/employees/5 [32m200[0m 1.791 ms - 25[0m
[0mDELETE /api/employees/5 [32m200[0m 1.671 ms - 25[0m
[0mDELETE /api/employees/5 [32m200[0m 2.407 ms - 25[0m
[0mDELETE /api/employees/5 [32m200[0m 1.801 ms - 25[0m
[0mDELETE /api/employees/5 [32m200[0m 1.659 ms - 25[0m
[0mDELETE /api/employees/5 [32m200[0m 2.389 ms - 25[0m
[0mDELETE /api/employees/5 [32m200[0m 2.431 ms - 25[0m
[0mDELETE /api/employees/5 [32m200[0m 1.822 ms - 25[0m
[0mDELETE /api/employees/5 [32m200[0m 2.218 ms - 25[0m
[0mDELETE /api/employees/5 [32m200[0m 1.920 ms - 25[0m
[0mDELETE /api/employees/5 [32m200[0m 1.596 ms - 25[0m
[0mDELETE /api/employees/4 [32m200[0m 1.452 ms - 25[0m
[0mDELETE /api/employees/4 [32m200[0m 1.827 ms - 25[0m
[0mDELETE /api/employees/4 [32m200[0m 1.379 ms - 25[0m
[0mGET /api/employees [32m200[0m 1.511 ms - 329[0m
[0mPOST /api/employees [32m201[0m 2.284 ms - 124[0m
[0mGET /api/employees [32m200[0m 1.698 ms - 430[0m
[0mDELETE /api/employees/4 [32m200[0m 1.336 ms - 25[0m
[0mGET /api/employees [32m200[0m 2.132 ms - 430[0m
[0mDELETE /api/employees/5 [32m200[0m 1.963 ms - 25[0m
[0mGET /api/employees [32m200[0m 1.574 ms - 329[0m
[0mDELETE /api/employees/4 [32m200[0m 1.532 ms - 25[0m
[0mDELETE /api/employees/4 [32m200[0m 1.359 ms - 25[0m
[0mGET /api/employees [32m200[0m 1.575 ms - 329[0m
[0mGET /api/employees [32m200[0m 9.362 ms - 26[0m
[0mGET /api/employees [32m200[0m 2.371 ms - 26[0m
[0mGET /api/employees [32m200[0m 9.363 ms - 26[0m
[0mGET /api/employees [36m304[0m 2.920 ms - -[0m
[0mGET /api/employees [36m304[0m 2.834 ms - -[0m
[0mGET /api/employees [36m304[0m 3.471 ms - -[0m
[0mGET /api/employees [36m304[0m 2.409 ms - -[0m
[0mGET /api/employees [36m304[0m 2.166 ms - -[0m
[0mGET /api/employees [36m304[0m 2.576 ms - -[0m
[0mGET /api/employees [36m304[0m 2.206 ms - -[0m
[0mGET /api/employees [36m304[0m 2.459 ms - -[0m
[0mGET /api/employees [36m304[0m 2.224 ms - -[0m
[0mGET /api/employees [36m304[0m 2.212 ms - -[0m
[0mGET /api/employees [36m304[0m 3.752 ms - -[0m
[0mGET /api/employees [36m304[0m 2.914 ms - -[0m
[0mGET /api/employees [36m304[0m 2.656 ms - -[0m
[0mGET /api/employees [36m304[0m 2.425 ms - -[0m
[0mGET /api/employees [36m304[0m 2.163 ms - -[0m
[0mGET /api/employees [36m304[0m 2.467 ms - -[0m
[0mGET /api/employees [36m304[0m 2.032 ms - -[0m
[0mGET /api/employees [36m304[0m 2.348 ms - -[0m
[0mGET /api/employees [36m304[0m 2.197 ms - -[0m
[0mGET /api/employees [36m304[0m 2.090 ms - -[0m
[0mGET /api/employees [36m304[0m 2.666 ms - -[0m
[0mGET /api/employees [36m304[0m 2.227 ms - -[0m
[0mGET /api/employees [36m304[0m 2.149 ms - -[0m
[0mGET /api/employees [36m304[0m 2.852 ms - -[0m
[0mGET /api/employees [36m304[0m 2.112 ms - -[0m
[0mGET /api/employees [36m304[0m 2.236 ms - -[0m
[0mGET /api/employees [32m200[0m 1.715 ms - 26[0m
[0mPOST /api/employees [32m201[0m 31.441 ms - 124[0m
[0mPOST /api/employees [32m201[0m 8.241 ms - 124[0m
[0mPOST /api/employees [32m201[0m 13.295 ms - 154[0m
[0mGET /api/employees [32m200[0m 2.691 ms - 410[0m
[0mGET /api/employees [32m200[0m 3.405 ms - 410[0m
[0mGET /api/employees [36m304[0m 2.790 ms - -[0m
[0mGET /api/employees [36m304[0m 3.506 ms - -[0m
[0mGET /api/employees [36m304[0m 3.232 ms - -[0m
[0mGET /api/employees [36m304[0m 2.374 ms - -[0m
[0mGET /api/employees [36m304[0m 3.076 ms - -[0m
[0mGET /api/employees [36m304[0m 2.503 ms - -[0m
[0mGET /api/employees [36m304[0m 2.430 ms - -[0m
[0mGET /api/employees [36m304[0m 2.861 ms - -[0m
[0mGET /api/employees [36m304[0m 2.350 ms - -[0m
[0mGET /api/employees [36m304[0m 2.601 ms - -[0m
[0mGET /api/employees [36m304[0m 2.729 ms - -[0m
[0mGET /api/employees [36m304[0m 2.520 ms - -[0m
[0mGET /api/employees [36m304[0m 2.300 ms - -[0m
[0mGET /api/employees [36m304[0m 2.945 ms - -[0m
[0mGET /api/employees [36m304[0m 2.811 ms - -[0m
[0mGET /api/employees [36m304[0m 4.488 ms - -[0m
[0mGET /api/employees [36m304[0m 2.703 ms - -[0m
[0mGET /api/employees [36m304[0m 2.527 ms - -[0m
[0mGET /api/employees [36m304[0m 2.695 ms - -[0m
[0mGET /api/employees [36m304[0m 3.710 ms - -[0m
[0mGET /api/employees [36m304[0m 2.953 ms - -[0m
[0mGET /api/employees [36m304[0m 2.773 ms - -[0m
[0mGET /api/employees [36m304[0m 3.600 ms - -[0m
[0mGET /api/employees [36m304[0m 2.393 ms - -[0m
[0mGET /api/employees [36m304[0m 2.399 ms - -[0m
[0mGET /api/employees [36m304[0m 2.416 ms - -[0m
[0mGET /api/employees [36m304[0m 2.365 ms - -[0m
[0mGET /api/employees [36m304[0m 2.464 ms - -[0m
[0mGET /api/employees [36m304[0m 2.570 ms - -[0m
[0mGET /api/employees [36m304[0m 2.299 ms - -[0m
[0mGET /api/employees [36m304[0m 2.692 ms - -[0m
[0mGET /api/employees [36m304[0m 2.699 ms - -[0m
[0mGET /api/employees [36m304[0m 2.660 ms - -[0m
[0mGET /api/employees [36m304[0m 2.267 ms - -[0m
[0mGET /api/employees [36m304[0m 2.309 ms - -[0m
[0mGET /api/employees [36m304[0m 2.415 ms - -[0m
[0mGET /api/employees [36m304[0m 3.218 ms - -[0m
[0mGET /api/employees [36m304[0m 3.001 ms - -[0m
[0mGET /api/employees [36m304[0m 2.831 ms - -[0m
[0mGET /api/employees [36m304[0m 2.722 ms - -[0m
[0mGET /api/employees [36m304[0m 2.758 ms - -[0m
[0mGET /api/employees [36m304[0m 2.321 ms - -[0m
[0mGET /api/employees [36m304[0m 3.681 ms - -[0m
[0mGET /api/employees [36m304[0m 2.449 ms - -[0m
[0mGET /api/employees [36m304[0m 2.515 ms - -[0m
[0mGET /api/employees [36m304[0m 2.865 ms - -[0m
[0mGET /api/employees [36m304[0m 2.638 ms - -[0m
[0mGET /api/employees [36m304[0m 2.506 ms - -[0m
[0mGET /api/employees [36m304[0m 2.628 ms - -[0m
[0mGET /api/employees [36m304[0m 2.796 ms - -[0m
[0mGET /api/employees [36m304[0m 2.739 ms - -[0m
[0mGET /api/employees [36m304[0m 3.380 ms - -[0m
[0mGET /api/employees [36m304[0m 3.058 ms - -[0m
[0mGET /api/employees [36m304[0m 2.997 ms - -[0m
[0mGET /api/employees [36m304[0m 3.073 ms - -[0m
[0mGET /api/employees [36m304[0m 2.917 ms - -[0m
[0mGET /api/employees [36m304[0m 3.390 ms - -[0m
[0mGET /api/employees [36m304[0m 2.727 ms - -[0m
[0mGET /api/employees [36m304[0m 2.866 ms - -[0m
[0mGET /api/employees [36m304[0m 2.933 ms - -[0m
[0mGET /api/employees [36m304[0m 2.571 ms - -[0m
[0mGET /api/employees [36m304[0m 2.365 ms - -[0m
[0mGET /api/employees [36m304[0m 2.591 ms - -[0m
[0mGET /api/employees [36m304[0m 2.229 ms - -[0m
[0mGET /api/employees [36m304[0m 3.470 ms - -[0m
[0mGET /api/employees [36m304[0m 3.457 ms - -[0m
[0mGET /api/employees [36m304[0m 2.287 ms - -[0m
[0mGET /api/employees [36m304[0m 2.922 ms - -[0m
[0mGET /api/employees [32m200[0m 2.781 ms - 410[0m
[0mGET /api/employees [36m304[0m 2.420 ms - -[0m
[0mGET /api/employees [36m304[0m 2.548 ms - -[0m
[0mGET /api/employees [32m200[0m 1.796 ms - 410[0m
[0mGET /api/employees [36m304[0m 2.257 ms - -[0m
[0mGET /api/employees [36m304[0m 3.210 ms - -[0m
[0mGET /api/employees [36m304[0m 2.505 ms - -[0m
[0mGET /api/employees [36m304[0m 2.386 ms - -[0m
[0mGET /api/employees [36m304[0m 2.584 ms - -[0m
[0mGET /api/employees [36m304[0m 4.917 ms - -[0m
[0mGET /api/employees [36m304[0m 2.626 ms - -[0m
[0mGET /api/employees [36m304[0m 2.429 ms - -[0m
[0mGET /api/employees [36m304[0m 2.895 ms - -[0m
[0mGET /api/employees [36m304[0m 2.577 ms - -[0m
[0mGET /api/employees [36m304[0m 2.640 ms - -[0m
[0mGET /api/employees [36m304[0m 2.563 ms - -[0m
[0mGET /api/employees [36m304[0m 2.502 ms - -[0m
[0mGET /api/employees [36m304[0m 3.134 ms - -[0m
[0mGET /api/employees [36m304[0m 2.652 ms - -[0m
[0mGET /api/employees [36m304[0m 2.933 ms - -[0m
[0mGET /api/employees [36m304[0m 2.266 ms - -[0m
[0mGET /api/employees [36m304[0m 3.194 ms - -[0m
[0mGET /api/employees [36m304[0m 3.159 ms - -[0m
[0mGET /api/employees [36m304[0m 3.364 ms - -[0m
[0mGET /api/employees [36m304[0m 3.109 ms - -[0m
[0mGET /api/employees [36m304[0m 2.755 ms - -[0m
[0mGET /api/employees [36m304[0m 2.292 ms - -[0m
[0mGET /api/employees [36m304[0m 2.350 ms - -[0m
[0mGET /api/employees [36m304[0m 2.320 ms - -[0m
[0mGET /api/employees [36m304[0m 4.163 ms - -[0m
[0mGET /api/employees [36m304[0m 3.564 ms - -[0m
[0mGET /api/employees [36m304[0m 2.415 ms - -[0m
[0mGET /api/employees [36m304[0m 2.706 ms - -[0m
[0mGET /api/employees [36m304[0m 3.078 ms - -[0m
[0mGET /api/employees [36m304[0m 5.518 ms - -[0m
[0mGET /api/employees [36m304[0m 2.941 ms - -[0m
[0mGET /api/employees [36m304[0m 2.787 ms - -[0m
[0mGET /api/employees [36m304[0m 2.231 ms - -[0m
[0mGET /api/employees [36m304[0m 3.277 ms - -[0m
[0mGET /api/employees [36m304[0m 2.438 ms - -[0m
[0mGET /api/employees [36m304[0m 2.515 ms - -[0m
[0mGET /api/employees [36m304[0m 2.440 ms - -[0m
[0mGET /api/employees [36m304[0m 2.472 ms - -[0m
[0mGET /api/employees [36m304[0m 2.684 ms - -[0m
[0mGET /api/employees [36m304[0m 2.353 ms - -[0m
[0mGET /api/employees [36m304[0m 4.457 ms - -[0m
[0mGET /api/employees [36m304[0m 2.536 ms - -[0m
[0mGET /api/employees [36m304[0m 2.293 ms - -[0m
[0mGET /api/employees [36m304[0m 2.280 ms - -[0m
[0mGET /api/employees [36m304[0m 2.855 ms - -[0m
[0mGET /api/employees [36m304[0m 2.525 ms - -[0m
[0mGET /api/employees [36m304[0m 2.920 ms - -[0m
[0mGET /api/employees [36m304[0m 3.343 ms - -[0m
[0mGET /api/employees [36m304[0m 2.467 ms - -[0m
[0mGET /api/employees [36m304[0m 3.119 ms - -[0m
[0mGET /api/employees [36m304[0m 2.444 ms - -[0m
[0mGET /api/employees [36m304[0m 2.339 ms - -[0m
[0mGET /api/employees [36m304[0m 2.254 ms - -[0m
[0mGET /api/employees [36m304[0m 2.400 ms - -[0m
[0mGET /api/employees [36m304[0m 3.248 ms - -[0m
[0mGET /api/employees [36m304[0m 2.473 ms - -[0m
[0mGET /api/employees [36m304[0m 2.314 ms - -[0m
[0mGET /api/employees [36m304[0m 2.253 ms - -[0m
[0mGET /api/employees [36m304[0m 3.191 ms - -[0m
[0mGET /api/employees [36m304[0m 2.733 ms - -[0m
[0mGET /api/employees [36m304[0m 2.576 ms - -[0m
[0mGET /api/employees [36m304[0m 2.220 ms - -[0m
[0mGET /api/employees [36m304[0m 2.342 ms - -[0m
[0mGET /api/employees [36m304[0m 2.452 ms - -[0m
[0mGET /api/employees [36m304[0m 2.289 ms - -[0m
[0mGET /api/employees [36m304[0m 2.448 ms - -[0m
[0mGET /api/employees [36m304[0m 2.403 ms - -[0m
[0mGET /api/employees [36m304[0m 3.107 ms - -[0m
[0mGET /api/employees [36m304[0m 2.245 ms - -[0m
[0mGET /api/employees [36m304[0m 2.502 ms - -[0m
[0mGET /api/employees [36m304[0m 2.957 ms - -[0m
[0mGET /api/employees [36m304[0m 2.724 ms - -[0m
[0mGET /api/employees [36m304[0m 2.330 ms - -[0m
[0mGET /api/employees [36m304[0m 2.682 ms - -[0m
[0mGET /api/employees [36m304[0m 14.544 ms - -[0m
[0mOPTIONS /api/employees [32m204[0m 0.572 ms - 0[0m
[0mPOST /api/employees [32m201[0m 35.678 ms - 151[0m
[0mGET /api/employees [32m200[0m 2.601 ms - 919[0m
[0mGET /api/employees [36m304[0m 4.542 ms - -[0m
[0mGET /api/employees [36m304[0m 3.208 ms - -[0m
[0mGET /api/employees [36m304[0m 3.534 ms - -[0m
[0mGET /api/employees [36m304[0m 2.395 ms - -[0m
[0mGET /api/employees [36m304[0m 2.963 ms - -[0m
[0mGET /api/employees [36m304[0m 3.575 ms - -[0m
[0mGET /api/employees [36m304[0m 2.750 ms - -[0m
[0mGET /api/employees [36m304[0m 2.839 ms - -[0m
[0mGET /api/employees [36m304[0m 3.296 ms - -[0m
[0mGET /api/employees [36m304[0m 3.308 ms - -[0m
[0mGET /api/employees [36m304[0m 2.516 ms - -[0m
[0mGET /api/employees [36m304[0m 2.778 ms - -[0m
[0mGET /api/employees [36m304[0m 2.303 ms - -[0m
[0mGET /api/employees [36m304[0m 2.899 ms - -[0m
[0mGET /api/employees [36m304[0m 5.875 ms - -[0m
[0mGET /api/employees [36m304[0m 3.059 ms - -[0m
[0mGET /api/employees [36m304[0m 3.717 ms - -[0m
[0mGET /api/employees [36m304[0m 2.379 ms - -[0m
[0mGET /api/employees [36m304[0m 2.445 ms - -[0m
[0mGET /api/employees [36m304[0m 2.586 ms - -[0m
[0mGET /api/employees [36m304[0m 2.504 ms - -[0m
[0mGET /api/employees [36m304[0m 3.109 ms - -[0m
[0mGET /api/employees [36m304[0m 2.786 ms - -[0m
[0mGET /api/employees [36m304[0m 2.648 ms - -[0m
[0mGET /api/employees [36m304[0m 2.859 ms - -[0m
[0mGET /api/employees [36m304[0m 2.776 ms - -[0m
[0mGET /api/employees [36m304[0m 2.353 ms - -[0m
[0mGET /api/employees [36m304[0m 2.364 ms - -[0m
[0mGET /api/employees [36m304[0m 2.785 ms - -[0m
[0mGET /api/employees [36m304[0m 4.423 ms - -[0m
[0mGET /api/employees [36m304[0m 2.394 ms - -[0m
[0mGET /api/employees [36m304[0m 2.744 ms - -[0m
[0mGET /api/employees [36m304[0m 2.910 ms - -[0m
[0mGET /api/employees [36m304[0m 2.214 ms - -[0m
[0mGET /api/employees [36m304[0m 3.023 ms - -[0m
[0mGET /api/employees [36m304[0m 2.517 ms - -[0m
[0mGET /api/employees [36m304[0m 3.099 ms - -[0m
[0mGET /api/employees [36m304[0m 3.358 ms - -[0m
[0mGET /api/employees [36m304[0m 2.460 ms - -[0m
[0mGET /api/employees [36m304[0m 2.646 ms - -[0m
[0mGET /api/employees [36m304[0m 2.504 ms - -[0m
[0mGET /api/employees [36m304[0m 3.146 ms - -[0m
[0mGET /api/employees [36m304[0m 2.516 ms - -[0m
[0mGET /api/employees [36m304[0m 3.082 ms - -[0m
[0mGET /api/employees [36m304[0m 2.080 ms - -[0m
[0mGET /api/employees [36m304[0m 2.372 ms - -[0m
[0mGET /api/employees [36m304[0m 3.191 ms - -[0m
[0mGET /api/employees [36m304[0m 4.164 ms - -[0m
[0mGET /api/employees [36m304[0m 5.127 ms - -[0m
[0mGET /api/employees [36m304[0m 3.184 ms - -[0m
[0mGET /api/employees [36m304[0m 2.297 ms - -[0m
[0mGET /api/employees [36m304[0m 2.596 ms - -[0m
[0mGET /api/employees [36m304[0m 2.868 ms - -[0m
[0mGET /api/employees [36m304[0m 2.334 ms - -[0m
[0mGET /api/employees [36m304[0m 2.702 ms - -[0m
[0mGET /api/employees [32m200[0m 9.251 ms - 26[0m
[0mGET /api/employees [36m304[0m 3.108 ms - -[0m
[0mGET /api/employees [36m304[0m 2.831 ms - -[0m
[0mOPTIONS /api/employees [32m204[0m 0.629 ms - 0[0m
[0mPOST /api/employees [32m201[0m 41.165 ms - 151[0m
[0mGET /api/employees [32m200[0m 3.160 ms - 151[0m
[0mOPTIONS /api/employees [32m204[0m 0.223 ms - 0[0m
[0mPOST /api/employees [32m201[0m 14.414 ms - 151[0m
[0mGET /api/employees [32m200[0m 5.018 ms - 277[0m
[0mOPTIONS /api/employees [32m204[0m 0.134 ms - 0[0m
[0mPOST /api/employees [32m201[0m 14.566 ms - 151[0m
[0mGET /api/employees [32m200[0m 3.496 ms - 403[0m
[0mGET /api/employees [36m304[0m 3.069 ms - -[0m
[0mGET /api/employees [36m304[0m 2.968 ms - -[0m
[0mGET /api/employees [36m304[0m 5.460 ms - -[0m
[0mGET /api/employees [36m304[0m 3.041 ms - -[0m
[0mGET /api/employees [36m304[0m 2.443 ms - -[0m
[0mGET /api/employees [36m304[0m 2.407 ms - -[0m
[0mGET /api/employees [36m304[0m 3.159 ms - -[0m
[0mGET /api/employees [36m304[0m 3.483 ms - -[0m
[0mGET /api/employees [36m304[0m 3.232 ms - -[0m
[0mGET /api/employees [36m304[0m 2.574 ms - -[0m
[0mGET /api/employees [36m304[0m 2.493 ms - -[0m
[0mGET /api/employees [36m304[0m 2.334 ms - -[0m
[0mGET /api/employees [36m304[0m 2.578 ms - -[0m
[0mGET /api/employees [36m304[0m 3.123 ms - -[0m
[0mGET /api/employees [36m304[0m 2.958 ms - -[0m
[0mGET /api/employees [36m304[0m 2.539 ms - -[0m
[0mGET /api/employees [36m304[0m 2.782 ms - -[0m
[0mGET /api/employees [36m304[0m 3.022 ms - -[0m
[0mGET /api/employees [36m304[0m 2.146 ms - -[0m
[0mGET /api/employees [36m304[0m 2.680 ms - -[0m
[0mGET /api/employees [36m304[0m 2.381 ms - -[0m
[0mGET /api/employees [36m304[0m 2.524 ms - -[0m
[0mGET /api/employees [36m304[0m 2.204 ms - -[0m
[0mGET /api/employees [36m304[0m 2.448 ms - -[0m
[0mGET /api/employees [36m304[0m 1.997 ms - -[0m
[0mGET /api/employees [36m304[0m 2.789 ms - -[0m
[0mGET /api/employees [36m304[0m 2.795 ms - -[0m
[0mGET /api/employees [36m304[0m 2.264 ms - -[0m
[0mGET /api/employees [36m304[0m 2.634 ms - -[0m
[0mGET /api/employees [36m304[0m 2.407 ms - -[0m
[0mGET /api/employees [36m304[0m 3.070 ms - -[0m
[0mGET /api/employees [36m304[0m 2.286 ms - -[0m
[0mGET /api/employees [36m304[0m 2.885 ms - -[0m
[0mGET /api/employees [36m304[0m 3.153 ms - -[0m
[0mGET /api/employees [36m304[0m 2.638 ms - -[0m
[0mGET /api/employees [36m304[0m 2.312 ms - -[0m
[0mGET /api/employees [36m304[0m 2.741 ms - -[0m
[0mGET /api/employees [36m304[0m 2.198 ms - -[0m
[0mGET /api/employees [36m304[0m 2.635 ms - -[0m
[0mGET /api/employees [36m304[0m 1.979 ms - -[0m
[0mGET /api/employees [36m304[0m 3.481 ms - -[0m
[0mGET /api/employees [36m304[0m 2.872 ms - -[0m
[0mGET /api/employees [36m304[0m 2.805 ms - -[0m
[0mGET /api/employees [36m304[0m 2.243 ms - -[0m
[0mGET /api/employees [36m304[0m 2.577 ms - -[0m
[0mGET /api/employees [36m304[0m 2.054 ms - -[0m
[0mGET /api/employees [36m304[0m 3.107 ms - -[0m
[0mGET /api/employees [36m304[0m 2.528 ms - -[0m
[0mGET /api/employees [36m304[0m 2.463 ms - -[0m
[0mGET /api/employees [36m304[0m 2.720 ms - -[0m
[0mGET /api/employees [36m304[0m 2.515 ms - -[0m
[0mGET /api/employees [36m304[0m 2.715 ms - -[0m
[0mGET /api/employees [36m304[0m 2.931 ms - -[0m
[0mGET /api/employees [36m304[0m 2.791 ms - -[0m
[0mGET /api/employees [36m304[0m 3.417 ms - -[0m
[0mGET /api/employees [36m304[0m 2.097 ms - -[0m
[0mGET /api/employees [36m304[0m 2.211 ms - -[0m
[0mGET /api/employees [36m304[0m 2.496 ms - -[0m
[0mGET /api/employees [36m304[0m 2.626 ms - -[0m
[0mGET /api/employees [36m304[0m 3.609 ms - -[0m
[0mGET /api/employees [36m304[0m 2.741 ms - -[0m
[0mGET /api/employees [36m304[0m 3.113 ms - -[0m
[0mGET /api/employees [36m304[0m 2.771 ms - -[0m
[0mGET /api/employees [36m304[0m 3.128 ms - -[0m
[0mGET /api/employees [36m304[0m 2.246 ms - -[0m
[0mGET /api/employees [36m304[0m 2.949 ms - -[0m
[0mGET /api/employees [36m304[0m 2.887 ms - -[0m
[0mGET /api/employees [36m304[0m 2.498 ms - -[0m
[0mOPTIONS /api/employees [32m204[0m 0.143 ms - 0[0m
[0mPOST /api/employees [31m500[0m 3.760 ms - 57[0m
[0mGET /api/employees [36m304[0m 3.291 ms - -[0m
[0mGET /api/employees [36m304[0m 2.034 ms - -[0m
[0mGET /api/employees [36m304[0m 2.371 ms - -[0m
[0mGET /api/employees [36m304[0m 3.073 ms - -[0m
[0mGET /api/employees [36m304[0m 2.631 ms - -[0m
[0mGET /api/employees [36m304[0m 2.937 ms - -[0m
[0mGET /api/employees [36m304[0m 2.869 ms - -[0m
[0mGET /api/employees [36m304[0m 2.350 ms - -[0m
[0mGET /api/employees [36m304[0m 2.148 ms - -[0m
[0mGET /api/employees [36m304[0m 3.905 ms - -[0m
[0mGET /api/employees [36m304[0m 2.330 ms - -[0m
[0mGET /api/employees [36m304[0m 1.843 ms - -[0m
[0mGET /api/employees [36m304[0m 2.387 ms - -[0m
[0mGET /api/employees [36m304[0m 2.268 ms - -[0m
[0mGET /api/employees [36m304[0m 1.999 ms - -[0m
[0mGET /api/employees [36m304[0m 2.970 ms - -[0m
[0mGET /api/employees [36m304[0m 2.702 ms - -[0m
[0mGET /api/employees [36m304[0m 2.608 ms - -[0m
[0mGET /api/employees [36m304[0m 2.553 ms - -[0m
[0mOPTIONS /api/employees [32m204[0m 0.149 ms - 0[0m
[0mPOST /api/employees [32m201[0m 14.902 ms - 151[0m
[0mGET /api/employees [32m200[0m 2.354 ms - 529[0m
[0mGET /api/employees [36m304[0m 2.117 ms - -[0m
[0mGET /api/employees [36m304[0m 2.644 ms - -[0m
[0mGET /api/employees [36m304[0m 2.260 ms - -[0m
[0mGET /api/employees [36m304[0m 2.488 ms - -[0m
[0mGET /api/employees [36m304[0m 2.498 ms - -[0m
[0mGET /api/employees [36m304[0m 2.182 ms - -[0m
[0mGET /api/employees [36m304[0m 2.477 ms - -[0m
[0mGET /api/employees [36m304[0m 2.266 ms - -[0m
[0mGET /api/employees [36m304[0m 2.300 ms - -[0m
[0mGET /api/employees [36m304[0m 1.885 ms - -[0m
[0mGET /api/employees [36m304[0m 2.662 ms - -[0m
[0mGET /api/employees [36m304[0m 2.502 ms - -[0m
[0mGET /api/employees [36m304[0m 2.688 ms - -[0m
[0mGET /api/employees [36m304[0m 2.328 ms - -[0m
[0mGET /api/employees [36m304[0m 2.989 ms - -[0m
[0mGET /api/employees [36m304[0m 2.391 ms - -[0m
[0mGET /api/employees [36m304[0m 2.158 ms - -[0m
[0mGET /api/employees [36m304[0m 2.434 ms - -[0m
[0mGET /api/employees [36m304[0m 2.430 ms - -[0m
[0mGET /api/employees [36m304[0m 2.297 ms - -[0m
[0mGET /api/employees [36m304[0m 2.593 ms - -[0m
[0mGET /api/employees [36m304[0m 2.333 ms - -[0m
[0mGET /api/employees [36m304[0m 2.197 ms - -[0m
[0mGET /api/employees [36m304[0m 2.169 ms - -[0m
[0mGET /api/employees [36m304[0m 2.814 ms - -[0m
[0mGET /api/employees [36m304[0m 2.272 ms - -[0m
[0mGET /api/employees [36m304[0m 2.175 ms - -[0m
[0mGET /api/employees [36m304[0m 2.970 ms - -[0m
[0mGET /api/employees [36m304[0m 2.455 ms - -[0m
[0mGET /api/employees [36m304[0m 2.258 ms - -[0m
[0mGET /api/employees [36m304[0m 2.830 ms - -[0m
[0mGET /api/employees [36m304[0m 1.978 ms - -[0m
[0mGET /api/employees [36m304[0m 2.694 ms - -[0m
[0mGET /api/employees [36m304[0m 2.182 ms - -[0m
[0mGET /api/employees [36m304[0m 3.216 ms - -[0m
[0mGET /api/employees [36m304[0m 2.273 ms - -[0m
[0mGET /api/employees [36m304[0m 2.140 ms - -[0m
[0mGET /api/employees [36m304[0m 2.336 ms - -[0m
[0mGET /api/employees [36m304[0m 2.648 ms - -[0m
[0mOPTIONS /api/employees/4 [32m204[0m 0.159 ms - 0[0m
[0mPUT /api/employees/4 [32m200[0m 15.243 ms - 153[0m
[0mGET /api/employees [32m200[0m 2.403 ms - 533[0m
[0mGET /api/employees [36m304[0m 2.501 ms - -[0m
[0mOPTIONS /api/employees/1 [32m204[0m 0.142 ms - 0[0m
[0mPUT /api/employees/1 [32m200[0m 17.825 ms - 157[0m
[0mGET /api/employees [32m200[0m 2.981 ms - 541[0m
[0mGET /api/employees [36m304[0m 2.168 ms - -[0m
[0mGET /api/employees [36m304[0m 4.539 ms - -[0m
[0mGET /api/employees [36m304[0m 2.992 ms - -[0m
[0mGET /api/employees [36m304[0m 13.935 ms - -[0m
[0mOPTIONS /api/employees/4 [32m204[0m 0.149 ms - 0[0m
[0mPUT /api/employees/4 [32m200[0m 17.191 ms - 150[0m
[0mGET /api/employees [32m200[0m 3.402 ms - 538[0m
[0mOPTIONS /api/employees [32m204[0m 0.143 ms - 0[0m
[0mPOST /api/employees [32m201[0m 15.005 ms - 151[0m
[0mGET /api/employees [32m200[0m 3.278 ms - 665[0m
[0mOPTIONS /api/employees/5 [32m204[0m 0.275 ms - 0[0m
[0mPUT /api/employees/5 [32m200[0m 21.451 ms - 150[0m
[0mGET /api/employees [32m200[0m 7.376 ms - 665[0m
[0mGET /api/employees [36m304[0m 2.447 ms - -[0m
[0mOPTIONS /api/employees/5 [32m204[0m 0.188 ms - 0[0m
[0mPUT /api/employees/5 [32m200[0m 16.951 ms - 150[0m
[0mGET /api/employees [32m200[0m 3.482 ms - 665[0m
[0mPUT /api/employees/5 [32m200[0m 15.852 ms - 150[0m
[0mGET /api/employees [32m200[0m 1.840 ms - 665[0m
[0mPUT /api/employees/5 [32m200[0m 8.486 ms - 150[0m
[0mGET /api/employees [32m200[0m 2.611 ms - 665[0m
[0mOPTIONS /api/employees/5 [32m204[0m 0.616 ms - 0[0m
[0mPUT /api/employees/5 [32m200[0m 13.964 ms - 150[0m
[0mGET /api/employees [32m200[0m 2.247 ms - 665[0m
[0mPUT /api/employees/5 [32m200[0m 14.494 ms - 150[0m
[0mGET /api/employees [32m200[0m 1.879 ms - 665[0m
[0mPUT /api/employees/5 [32m200[0m 17.488 ms - 150[0m
[0mGET /api/employees [32m200[0m 2.661 ms - 665[0m
[0mOPTIONS /api/employees/5 [32m204[0m 0.138 ms - 0[0m
[0mPUT /api/employees/5 [32m200[0m 15.080 ms - 150[0m
[0mGET /api/employees [32m200[0m 2.359 ms - 665[0m
[0mOPTIONS /api/employees/5 [32m204[0m 0.136 ms - 0[0m
[0mPUT /api/employees/5 [32m200[0m 15.518 ms - 150[0m
[0mGET /api/employees [32m200[0m 4.642 ms - 665[0m
[0mPUT /api/employees/5 [32m200[0m 16.921 ms - 150[0m
[0mGET /api/employees [32m200[0m 3.358 ms - 665[0m
[0mOPTIONS /api/employees/5 [32m204[0m 0.145 ms - 0[0m
[0mPUT /api/employees/5 [32m200[0m 15.509 ms - 150[0m
[0mGET /api/employees [32m200[0m 2.682 ms - 665[0m
[0mPUT /api/employees/5 [32m200[0m 17.462 ms - 150[0m
[0mGET /api/employees [32m200[0m 2.799 ms - 665[0m
[0mPUT /api/employees/5 [32m200[0m 15.394 ms - 150[0m
[0mGET /api/employees [32m200[0m 3.580 ms - 665[0m
[0mOPTIONS /api/employees [32m204[0m 0.139 ms - 0[0m
[0mPOST /api/employees [32m201[0m 12.598 ms - 142[0m
[0mGET /api/employees [32m200[0m 4.285 ms - 772[0m
[0mOPTIONS /api/employees/1 [32m204[0m 0.122 ms - 0[0m
[0mPUT /api/employees/1 [32m200[0m 16.469 ms - 157[0m
[0mGET /api/employees [32m200[0m 2.127 ms - 772[0m
[0mOPTIONS /api/employees/2 [32m204[0m 0.115 ms - 0[0m
[0mPUT /api/employees/2 [32m200[0m 14.958 ms - 149[0m
[0mGET /api/employees [32m200[0m 2.469 ms - 772[0m
[0mOPTIONS /api/employees/3 [32m204[0m 0.115 ms - 0[0m
[0mPUT /api/employees/3 [32m200[0m 14.683 ms - 149[0m
[0mGET /api/employees [32m200[0m 2.076 ms - 772[0m
[0mOPTIONS /api/employees/4 [32m204[0m 0.187 ms - 0[0m
[0mPUT /api/employees/4 [32m200[0m 11.843 ms - 150[0m
[0mGET /api/employees [32m200[0m 2.990 ms - 772[0m
[0mOPTIONS /api/employees/5 [32m204[0m 0.122 ms - 0[0m
[0mPUT /api/employees/5 [32m200[0m 14.911 ms - 150[0m
[0mGET /api/employees [32m200[0m 2.110 ms - 772[0m
[0mOPTIONS /api/employees/6 [32m204[0m 0.119 ms - 0[0m
[0mPUT /api/employees/6 [32m200[0m 13.973 ms - 144[0m
[0mGET /api/employees [32m200[0m 2.596 ms - 786[0m
[0mOPTIONS /api/employees/6 [32m204[0m 0.164 ms - 0[0m
[0mPUT /api/employees/6 [32m200[0m 14.684 ms - 152[0m
[0mGET /api/employees [32m200[0m 3.607 ms - 794[0m
[0mGET /api/employees [36m304[0m 13.345 ms - -[0m
[0mGET /api/employees [36m304[0m 11.818 ms - -[0m
[0mGET /api/employees [36m304[0m 5.114 ms - -[0m
[0mGET /api/employees [36m304[0m 4.906 ms - -[0m
[0mGET /api/employees [36m304[0m 2.642 ms - -[0m
[0mGET /api/employees [36m304[0m 2.873 ms - -[0m
[0mGET /api/employees [36m304[0m 2.496 ms - -[0m
[0mGET /api/employees [36m304[0m 2.878 ms - -[0m
[0mGET /api/employees [36m304[0m 2.775 ms - -[0m
[0mGET /api/employees [36m304[0m 2.896 ms - -[0m
[0mGET /api/employees [36m304[0m 2.417 ms - -[0m
[0mGET /api/employees [36m304[0m 3.350 ms - -[0m
[0mGET /api/employees [36m304[0m 3.160 ms - -[0m
[0mGET /api/employees [36m304[0m 2.442 ms - -[0m
[0mGET /api/employees [36m304[0m 2.364 ms - -[0m
[0mGET /api/employees [36m304[0m 2.440 ms - -[0m
[0mGET /api/employees [36m304[0m 1.874 ms - -[0m
[0mGET /api/employees [36m304[0m 2.652 ms - -[0m
[0mGET /api/employees [36m304[0m 3.022 ms - -[0m
[0mGET /api/employees [36m304[0m 2.835 ms - -[0m
[0mGET /api/employees [36m304[0m 2.467 ms - -[0m
[0mGET /api/employees [36m304[0m 2.666 ms - -[0m
[0mGET /api/employees [36m304[0m 2.252 ms - -[0m
[0mGET /api/employees [36m304[0m 3.136 ms - -[0m
[0mGET /api/employees [36m304[0m 2.568 ms - -[0m
[0mGET /api/employees [36m304[0m 2.197 ms - -[0m
[0mGET /api/employees [36m304[0m 2.721 ms - -[0m
[0mGET /api/employees [36m304[0m 2.466 ms - -[0m
[0mGET /api/employees [36m304[0m 3.148 ms - -[0m
[0mGET /api/employees [36m304[0m 4.168 ms - -[0m
[0mGET /api/employees [36m304[0m 3.179 ms - -[0m
[0mGET /api/employees [36m304[0m 3.021 ms - -[0m
[0mGET /api/employees [36m304[0m 2.338 ms - -[0m
[0mGET /api/employees [36m304[0m 2.915 ms - -[0m
[0mGET /api/employees [36m304[0m 2.784 ms - -[0m
[0mGET /api/employees [36m304[0m 3.139 ms - -[0m
[0mGET /api/employees [36m304[0m 3.231 ms - -[0m
[0mGET /api/employees [36m304[0m 2.343 ms - -[0m
[0mGET /api/employees [36m304[0m 2.416 ms - -[0m
[0mGET /api/employees [36m304[0m 4.111 ms - -[0m
[0mGET /api/employees [36m304[0m 2.188 ms - -[0m
[0mGET /api/employees [36m304[0m 3.244 ms - -[0m
[0mGET /api/employees [36m304[0m 2.316 ms - -[0m
[0mGET /api/employees [36m304[0m 3.140 ms - -[0m
[0mGET /api/employees [36m304[0m 4.577 ms - -[0m
[0mGET /api/employees [36m304[0m 2.041 ms - -[0m
[0mGET /api/employees [36m304[0m 2.489 ms - -[0m
[0mGET /api/employees [36m304[0m 2.597 ms - -[0m
[0mGET /api/employees [36m304[0m 2.133 ms - -[0m
[0mGET /api/employees [36m304[0m 2.474 ms - -[0m
[0mGET /api/employees [36m304[0m 2.976 ms - -[0m
[0mGET /api/employees [36m304[0m 2.288 ms - -[0m
[0mGET /api/employees [36m304[0m 4.131 ms - -[0m
[0mGET /api/employees [36m304[0m 2.485 ms - -[0m
[0mGET /api/employees [36m304[0m 2.317 ms - -[0m
[0mGET /api/employees [36m304[0m 2.804 ms - -[0m
[0mGET /api/employees [36m304[0m 3.095 ms - -[0m
[0mGET /api/employees [36m304[0m 3.242 ms - -[0m
[0mGET /api/employees [36m304[0m 3.435 ms - -[0m
[0mGET /api/employees [36m304[0m 3.154 ms - -[0m
[0mGET /api/employees [36m304[0m 2.125 ms - -[0m
[0mGET /api/employees [36m304[0m 2.096 ms - -[0m
[0mGET /api/employees [36m304[0m 2.547 ms - -[0m
[0mGET /api/employees [36m304[0m 2.157 ms - -[0m
[0mGET /api/employees [36m304[0m 6.497 ms - -[0m
[0mGET /api/employees [36m304[0m 13.255 ms - -[0m
[0mGET /api/employees [36m304[0m 3.761 ms - -[0m
[0mGET /api/employees [36m304[0m 3.627 ms - -[0m
[0mGET /api/employees [36m304[0m 3.153 ms - -[0m
[0mGET /api/employees [36m304[0m 2.605 ms - -[0m
[0mGET /api/employees [36m304[0m 2.159 ms - -[0m
[0mGET /api/employees [36m304[0m 3.579 ms - -[0m
[0mGET /api/employees [36m304[0m 2.026 ms - -[0m
[0mGET /api/employees [36m304[0m 3.339 ms - -[0m
[0mGET /api/employees [36m304[0m 2.609 ms - -[0m
[0mGET /api/employees [36m304[0m 2.068 ms - -[0m
[0mGET /api/employees [36m304[0m 3.390 ms - -[0m
[0mGET /api/employees [36m304[0m 2.676 ms - -[0m
[0mGET /api/employees [36m304[0m 11.773 ms - -[0m
[0mGET /api/employees [36m304[0m 3.241 ms - -[0m
[0mGET /api/employees [36m304[0m 2.652 ms - -[0m
[0mGET /api/employees [36m304[0m 2.841 ms - -[0m
[0mGET /api/employees [36m304[0m 2.981 ms - -[0m
[0mGET /api/employees [36m304[0m 2.730 ms - -[0m
[0mGET /api/employees [36m304[0m 2.901 ms - -[0m
[0mGET /api/employees [36m304[0m 2.111 ms - -[0m
[0mGET /api/employees [36m304[0m 2.479 ms - -[0m
[0mGET /api/employees [36m304[0m 3.378 ms - -[0m
[0mGET /api/employees [36m304[0m 3.430 ms - -[0m
[0mGET /api/employees [36m304[0m 2.305 ms - -[0m
[0mGET /api/employees [36m304[0m 2.923 ms - -[0m
[0mGET /api/employees [36m304[0m 2.227 ms - -[0m
[0mGET /api/employees [36m304[0m 2.172 ms - -[0m
[0mGET /api/employees [36m304[0m 2.316 ms - -[0m
[0mGET /api/employees [36m304[0m 3.646 ms - -[0m
[0mGET /api/employees [36m304[0m 2.855 ms - -[0m
[0mGET /api/employees [36m304[0m 2.278 ms - -[0m
[0mOPTIONS /api/employees/1 [32m204[0m 0.560 ms - 0[0m
[0mPUT /api/employees/1 [32m200[0m 41.926 ms - 162[0m
[0mGET /api/employees [32m200[0m 2.385 ms - 799[0m
[0mOPTIONS /api/employees/2 [32m204[0m 0.281 ms - 0[0m
[0mPUT /api/employees/2 [32m200[0m 28.887 ms - 159[0m
[0mGET /api/employees [32m200[0m 3.363 ms - 809[0m
[0mGET /api/employees [36m304[0m 2.675 ms - -[0m
[0mGET /api/employees [36m304[0m 6.595 ms - -[0m
[0mGET /api/employees [36m304[0m 14.582 ms - -[0m
[0mGET /api/employees [36m304[0m 2.039 ms - -[0m
[0mGET /api/employees [36m304[0m 2.546 ms - -[0m
[0mGET /api/employees [36m304[0m 11.574 ms - -[0m
[0mOPTIONS /api/employees/6 [32m204[0m 0.142 ms - 0[0m
[0mPUT /api/employees/6 [32m200[0m 58.761 ms - 163[0m
[0mGET /api/employees [32m200[0m 3.678 ms - 820[0m
